top - 16:02:01 up 105 days, 18:05, 12 users,  load average: 1.11, 1.43, 1.37
Tasks:   1 total,   0 running,   1 sleeping,   0 stopped,   0 zombie
Cpu(s): 13.7%us,  7.8%sy,  0.3%ni, 77.9%id,  0.2%wa,  0.0%hi,  0.2%si,  0.0%st
Mem:  32880732k total, 31699000k used,  1181732k free,   131624k buffers
Swap:        0k total,        0k used,        0k free,  7216472k cached

  PID USER      PR  NI  VIRT  RES  SHR S %CPU %MEM    TIME+  COMMAND                                                                                                                                            
31457 stevenzh  20   0  690m 6928 2036 S  4.0  0.0   0:00.22 raft.test                                                                                                                                          


top - 16:02:03 up 105 days, 18:05, 12 users,  load average: 1.11, 1.43, 1.37
Tasks:   1 total,   0 running,   1 sleeping,   0 stopped,   0 zombie
Cpu(s): 53.8%us, 41.2%sy,  0.0%ni,  4.8%id,  0.0%wa,  0.0%hi,  0.3%si,  0.0%st
Mem:  32880732k total, 31702996k used,  1177736k free,   131628k buffers
Swap:        0k total,        0k used,        0k free,  7216512k cached

  PID USER      PR  NI  VIRT  RES  SHR S %CPU %MEM    TIME+  COMMAND                                                                                                                                            
31457 stevenzh  20   0  690m 7328 2040 S  2.5  0.0   0:00.27 raft.test                                                                                                                                          


top - 16:02:05 up 105 days, 18:05, 12 users,  load average: 1.11, 1.43, 1.37
Tasks:   1 total,   0 running,   1 sleeping,   0 stopped,   0 zombie
Cpu(s): 31.9%us, 19.1%sy,  0.0%ni, 48.9%id,  0.0%wa,  0.0%hi,  0.1%si,  0.0%st
Mem:  32880732k total, 31700636k used,  1180096k free,   131628k buffers
Swap:        0k total,        0k used,        0k free,  7216552k cached

  PID USER      PR  NI  VIRT  RES  SHR S %CPU %MEM    TIME+  COMMAND                                                                                                                                            
31457 stevenzh  20   0  690m 8032 2040 S  2.5  0.0   0:00.32 raft.test                                                                                                                                          


top - 16:02:07 up 105 days, 18:05, 12 users,  load average: 1.10, 1.43, 1.36
Tasks:   1 total,   0 running,   1 sleeping,   0 stopped,   0 zombie
Cpu(s): 32.2%us, 15.7%sy,  0.0%ni, 51.9%id,  0.0%wa,  0.0%hi,  0.3%si,  0.0%st
Mem:  32880732k total, 31696616k used,  1184116k free,   131628k buffers
Swap:        0k total,        0k used,        0k free,  7216560k cached

  PID USER      PR  NI  VIRT  RES  SHR S %CPU %MEM    TIME+  COMMAND                                                                                                                                            
31457 stevenzh  20   0  690m 8688 2040 S  3.0  0.0   0:00.38 raft.test                                                                                                                                          


top - 16:02:09 up 105 days, 18:05, 12 users,  load average: 1.10, 1.43, 1.36
Tasks:   1 total,   0 running,   1 sleeping,   0 stopped,   0 zombie
Cpu(s): 47.5%us, 18.0%sy,  0.0%ni, 33.9%id,  0.3%wa,  0.0%hi,  0.4%si,  0.0%st
Mem:  32880732k total, 31697700k used,  1183032k free,   131632k buffers
Swap:        0k total,        0k used,        0k free,  7216608k cached

  PID USER      PR  NI  VIRT  RES  SHR S %CPU %MEM    TIME+  COMMAND                                                                                                                                            
31457 stevenzh  20   0  691m 8396 2076 S  3.0  0.0   0:00.44 raft.test                                                                                                                                          


top - 16:02:11 up 105 days, 18:05, 12 users,  load average: 1.10, 1.42, 1.36
Tasks:   1 total,   0 running,   1 sleeping,   0 stopped,   0 zombie
Cpu(s): 53.3%us, 13.7%sy,  0.0%ni, 32.8%id,  0.0%wa,  0.0%hi,  0.1%si,  0.0%st
Mem:  32880732k total, 31696956k used,  1183776k free,   131632k buffers
Swap:        0k total,        0k used,        0k free,  7216608k cached

  PID USER      PR  NI  VIRT  RES  SHR S %CPU %MEM    TIME+  COMMAND                                                                                                                                            
31457 stevenzh  20   0  691m 8460 2076 S  3.5  0.0   0:00.51 raft.test                                                                                                                                          


top - 16:02:13 up 105 days, 18:05, 12 users,  load average: 1.10, 1.42, 1.36
Tasks:   1 total,   0 running,   1 sleeping,   0 stopped,   0 zombie
Cpu(s): 31.8%us, 14.9%sy,  0.0%ni, 53.1%id,  0.0%wa,  0.0%hi,  0.3%si,  0.0%st
Mem:  32880732k total, 31701372k used,  1179360k free,   131632k buffers
Swap:        0k total,        0k used,        0k free,  7216632k cached

  PID USER      PR  NI  VIRT  RES  SHR S %CPU %MEM    TIME+  COMMAND                                                                                                                                            
31457 stevenzh  20   0  691m 8780 2076 S  3.5  0.0   0:00.58 raft.test                                                                                                                                          


top - 16:02:15 up 105 days, 18:05, 12 users,  load average: 1.10, 1.42, 1.36
Tasks:   1 total,   0 running,   1 sleeping,   0 stopped,   0 zombie
Cpu(s): 33.4%us, 16.8%sy,  0.0%ni, 49.6%id,  0.0%wa,  0.0%hi,  0.3%si,  0.0%st
Mem:  32880732k total, 31701836k used,  1178896k free,   131640k buffers
Swap:        0k total,        0k used,        0k free,  7216656k cached

  PID USER      PR  NI  VIRT  RES  SHR S %CPU %MEM    TIME+  COMMAND                                                                                                                                            
31457 stevenzh  20   0  691m 8580 2076 S  4.0  0.0   0:00.66 raft.test                                                                                                                                          


top - 16:02:17 up 105 days, 18:05, 12 users,  load average: 1.09, 1.41, 1.36
Tasks:   1 total,   0 running,   1 sleeping,   0 stopped,   0 zombie
Cpu(s): 29.1%us, 10.5%sy,  0.0%ni, 60.0%id,  0.1%wa,  0.0%hi,  0.3%si,  0.0%st
Mem:  32880732k total, 31702704k used,  1178028k free,   131640k buffers
Swap:        0k total,        0k used,        0k free,  7216668k cached

  PID USER      PR  NI  VIRT  RES  SHR S %CPU %MEM    TIME+  COMMAND                                                                                                                                            
31457 stevenzh  20   0  691m 9436 2076 S  4.0  0.0   0:00.74 raft.test                                                                                                                                          


top - 16:02:19 up 105 days, 18:05, 12 users,  load average: 1.09, 1.41, 1.36
Tasks:   1 total,   0 running,   1 sleeping,   0 stopped,   0 zombie
Cpu(s): 32.7%us, 17.3%sy,  0.0%ni, 49.7%id,  0.1%wa,  0.0%hi,  0.1%si,  0.0%st
Mem:  32880732k total, 31703448k used,  1177284k free,   131648k buffers
Swap:        0k total,        0k used,        0k free,  7216696k cached

  PID USER      PR  NI  VIRT  RES  SHR S %CPU %MEM    TIME+  COMMAND                                                                                                                                            
31457 stevenzh  20   0  691m 9908 2088 S  3.5  0.0   0:00.81 raft.test                                                                                                                                          


top - 16:02:21 up 105 days, 18:05, 12 users,  load average: 1.08, 1.40, 1.36
Tasks:   1 total,   0 running,   1 sleeping,   0 stopped,   0 zombie
Cpu(s): 32.6%us, 12.7%sy,  0.0%ni, 54.5%id,  0.1%wa,  0.0%hi,  0.1%si,  0.0%st
Mem:  32880732k total, 31703028k used,  1177704k free,   131648k buffers
Swap:        0k total,        0k used,        0k free,  7216720k cached

  PID USER      PR  NI  VIRT  RES  SHR S %CPU %MEM    TIME+  COMMAND                                                                                                                                            
31457 stevenzh  20   0  691m 9500 2100 S  4.5  0.0   0:00.90 raft.test                                                                                                                                          


top - 16:02:23 up 105 days, 18:05, 12 users,  load average: 1.08, 1.40, 1.36
Tasks:   1 total,   0 running,   1 sleeping,   0 stopped,   0 zombie
Cpu(s): 30.5%us, 13.2%sy,  0.0%ni, 56.1%id,  0.0%wa,  0.0%hi,  0.1%si,  0.0%st
Mem:  32880732k total, 31703076k used,  1177656k free,   131648k buffers
Swap:        0k total,        0k used,        0k free,  7216724k cached

  PID USER      PR  NI  VIRT  RES  SHR S %CPU %MEM    TIME+  COMMAND                                                                                                                                            
31457 stevenzh  20   0  691m  10m 2108 S  4.5  0.0   0:00.99 raft.test                                                                                                                                          


top - 16:02:25 up 105 days, 18:05, 12 users,  load average: 1.08, 1.40, 1.36
Tasks:   1 total,   0 running,   1 sleeping,   0 stopped,   0 zombie
Cpu(s): 32.6%us, 15.0%sy,  0.0%ni, 52.0%id,  0.1%wa,  0.0%hi,  0.3%si,  0.0%st
Mem:  32880732k total, 31700132k used,  1180600k free,   131656k buffers
Swap:        0k total,        0k used,        0k free,  7216764k cached

  PID USER      PR  NI  VIRT  RES  SHR S %CPU %MEM    TIME+  COMMAND                                                                                                                                            
31457 stevenzh  20   0  691m 9.9m 2108 S  5.0  0.0   0:01.09 raft.test                                                                                                                                          


top - 16:02:27 up 105 days, 18:05, 12 users,  load average: 1.07, 1.40, 1.36
Tasks:   1 total,   0 running,   1 sleeping,   0 stopped,   0 zombie
Cpu(s): 33.0%us, 13.6%sy,  0.0%ni, 53.1%id,  0.0%wa,  0.0%hi,  0.4%si,  0.0%st
Mem:  32880732k total, 31702840k used,  1177892k free,   131656k buffers
Swap:        0k total,        0k used,        0k free,  7216772k cached

  PID USER      PR  NI  VIRT  RES  SHR S %CPU %MEM    TIME+  COMMAND                                                                                                                                            
31457 stevenzh  20   0  691m  11m 2108 S  4.5  0.0   0:01.18 raft.test                                                                                                                                          


top - 16:02:29 up 105 days, 18:05, 12 users,  load average: 1.07, 1.40, 1.36
Tasks:   1 total,   0 running,   1 sleeping,   0 stopped,   0 zombie
Cpu(s): 33.6%us, 16.8%sy,  0.0%ni, 49.5%id,  0.0%wa,  0.0%hi,  0.1%si,  0.0%st
Mem:  32880732k total, 31696616k used,  1184116k free,   131656k buffers
Swap:        0k total,        0k used,        0k free,  7216796k cached

  PID USER      PR  NI  VIRT  RES  SHR S %CPU %MEM    TIME+  COMMAND                                                                                                                                            
31457 stevenzh  20   0  691m  10m 2108 S  4.5  0.0   0:01.27 raft.test                                                                                                                                          


top - 16:02:31 up 105 days, 18:05, 12 users,  load average: 1.07, 1.39, 1.35
Tasks:   1 total,   0 running,   1 sleeping,   0 stopped,   0 zombie
Cpu(s): 33.5%us, 13.1%sy,  0.0%ni, 53.1%id,  0.0%wa,  0.0%hi,  0.3%si,  0.0%st
Mem:  32880732k total, 31696780k used,  1183952k free,   131668k buffers
Swap:        0k total,        0k used,        0k free,  7216812k cached

  PID USER      PR  NI  VIRT  RES  SHR S %CPU %MEM    TIME+  COMMAND                                                                                                                                            
31457 stevenzh  20   0  691m  11m 2108 S  3.0  0.0   0:01.33 raft.test                                                                                                                                          


top - 16:02:33 up 105 days, 18:05, 12 users,  load average: 1.07, 1.39, 1.35
Tasks:   1 total,   0 running,   1 sleeping,   0 stopped,   0 zombie
Cpu(s): 31.9%us, 18.1%sy,  0.0%ni, 49.7%id,  0.0%wa,  0.0%hi,  0.3%si,  0.0%st
Mem:  32880732k total, 31700484k used,  1180248k free,   131668k buffers
Swap:        0k total,        0k used,        0k free,  7216816k cached

  PID USER      PR  NI  VIRT  RES  SHR S %CPU %MEM    TIME+  COMMAND                                                                                                                                            
31457 stevenzh  20   0  691m  10m 2108 S  3.5  0.0   0:01.40 raft.test                                                                                                                                          


top - 16:02:35 up 105 days, 18:06, 12 users,  load average: 1.07, 1.39, 1.35
Tasks:   1 total,   0 running,   1 sleeping,   0 stopped,   0 zombie
Cpu(s): 29.3%us, 10.5%sy,  0.0%ni, 59.9%id,  0.1%wa,  0.0%hi,  0.1%si,  0.0%st
Mem:  32880732k total, 31706048k used,  1174684k free,   131672k buffers
Swap:        0k total,        0k used,        0k free,  7216852k cached

  PID USER      PR  NI  VIRT  RES  SHR S %CPU %MEM    TIME+  COMMAND                                                                                                                                            
31457 stevenzh  20   0  691m  10m 2112 S  3.5  0.0   0:01.47 raft.test                                                                                                                                          


top - 16:02:37 up 105 days, 18:06, 12 users,  load average: 1.14, 1.40, 1.36
Tasks:   1 total,   0 running,   1 sleeping,   0 stopped,   0 zombie
Cpu(s): 32.2%us, 14.0%sy,  0.0%ni, 53.7%id,  0.0%wa,  0.0%hi,  0.1%si,  0.0%st
Mem:  32880732k total, 31706412k used,  1174320k free,   131672k buffers
Swap:        0k total,        0k used,        0k free,  7216864k cached

  PID USER      PR  NI  VIRT  RES  SHR S %CPU %MEM    TIME+  COMMAND                                                                                                                                            
31457 stevenzh  20   0  691m  10m 2120 S  4.5  0.0   0:01.56 raft.test                                                                                                                                          


top - 16:02:39 up 105 days, 18:06, 12 users,  load average: 1.14, 1.40, 1.36
Tasks:   1 total,   0 running,   1 sleeping,   0 stopped,   0 zombie
Cpu(s): 32.0%us, 15.0%sy,  0.0%ni, 52.7%id,  0.0%wa,  0.0%hi,  0.3%si,  0.0%st
Mem:  32880732k total, 31703856k used,  1176876k free,   131672k buffers
Swap:        0k total,        0k used,        0k free,  7216908k cached

  PID USER      PR  NI  VIRT  RES  SHR S %CPU %MEM    TIME+  COMMAND                                                                                                                                            
31457 stevenzh  20   0  691m  11m 2120 S  5.0  0.0   0:01.66 raft.test                                                                                                                                          


top - 16:02:41 up 105 days, 18:06, 12 users,  load average: 1.13, 1.39, 1.35
Tasks:   1 total,   0 running,   1 sleeping,   0 stopped,   0 zombie
Cpu(s): 33.0%us, 13.1%sy,  0.0%ni, 53.5%id,  0.1%wa,  0.0%hi,  0.3%si,  0.0%st
Mem:  32880732k total, 31702228k used,  1178504k free,   131680k buffers
Swap:        0k total,        0k used,        0k free,  7216916k cached

  PID USER      PR  NI  VIRT  RES  SHR S %CPU %MEM    TIME+  COMMAND                                                                                                                                            
31457 stevenzh  20   0  691m  10m 2168 S  4.5  0.0   0:01.75 raft.test                                                                                                                                          

                                                                                                                                      

