top - 16:40:45 up 105 days, 18:44, 11 users,  load average: 3.35, 2.80, 2.42
Tasks:   1 total,   0 running,   1 sleeping,   0 stopped,   0 zombie
Cpu(s): 13.7%us,  7.8%sy,  0.3%ni, 77.9%id,  0.2%wa,  0.0%hi,  0.2%si,  0.0%st
Mem:  32880732k total, 31730064k used,  1150668k free,   133548k buffers
Swap:        0k total,        0k used,        0k free,  7236152k cached

  PID USER      PR  NI  VIRT  RES  SHR S %CPU %MEM    TIME+  COMMAND                                                                                                                                            
23654 stevenzh  20   0  690m 6268 2000 S  4.0  0.0   0:00.07 raft.test                                                                                                                                          


top - 16:40:47 up 105 days, 18:44, 11 users,  load average: 3.16, 2.77, 2.41
Tasks:   1 total,   0 running,   1 sleeping,   0 stopped,   0 zombie
Cpu(s): 31.9%us, 14.5%sy,  0.0%ni, 53.4%id,  0.0%wa,  0.0%hi,  0.1%si,  0.0%st
Mem:  32880732k total, 31731016k used,  1149716k free,   133548k buffers
Swap:        0k total,        0k used,        0k free,  7236180k cached

  PID USER      PR  NI  VIRT  RES  SHR S %CPU %MEM    TIME+  COMMAND                                                                                                                                            
23654 stevenzh  20   0  690m 7336 2064 S  3.0  0.0   0:00.13 raft.test                                                                                                                                          


top - 16:40:49 up 105 days, 18:44, 11 users,  load average: 3.16, 2.77, 2.41
Tasks:   1 total,   0 running,   1 sleeping,   0 stopped,   0 zombie
Cpu(s): 30.9%us, 15.0%sy,  0.0%ni, 53.8%id,  0.1%wa,  0.0%hi,  0.1%si,  0.0%st
Mem:  32880732k total, 31728708k used,  1152024k free,   133548k buffers
Swap:        0k total,        0k used,        0k free,  7236212k cached

  PID USER      PR  NI  VIRT  RES  SHR S %CPU %MEM    TIME+  COMMAND                                                                                                                                            
23654 stevenzh  20   0  690m 8200 2068 S  3.0  0.0   0:00.19 raft.test                                                                                                                                          


top - 16:40:51 up 105 days, 18:44, 11 users,  load average: 2.99, 2.74, 2.40
Tasks:   1 total,   0 running,   1 sleeping,   0 stopped,   0 zombie
Cpu(s): 32.0%us, 17.1%sy,  0.0%ni, 50.8%id,  0.0%wa,  0.0%hi,  0.1%si,  0.0%st
Mem:  32880732k total, 31729024k used,  1151708k free,   133548k buffers
Swap:        0k total,        0k used,        0k free,  7236216k cached

  PID USER      PR  NI  VIRT  RES  SHR S %CPU %MEM    TIME+  COMMAND                                                                                                                                            
23654 stevenzh  20   0  691m 8148 2092 S  3.5  0.0   0:00.26 raft.test                                                                                                                                          


top - 16:40:53 up 105 days, 18:44, 11 users,  load average: 2.99, 2.74, 2.40
Tasks:   1 total,   0 running,   1 sleeping,   0 stopped,   0 zombie
Cpu(s): 31.3%us, 13.0%sy,  0.0%ni, 55.4%id,  0.0%wa,  0.0%hi,  0.3%si,  0.0%st
Mem:  32880732k total, 31732124k used,  1148608k free,   133548k buffers
Swap:        0k total,        0k used,        0k free,  7236260k cached

  PID USER      PR  NI  VIRT  RES  SHR S %CPU %MEM    TIME+  COMMAND                                                                                                                                            
23654 stevenzh  20   0  691m 9048 2100 S  4.0  0.0   0:00.34 raft.test                                                                                                                                          


top - 16:40:55 up 105 days, 18:44, 11 users,  load average: 2.99, 2.74, 2.40
Tasks:   1 total,   0 running,   1 sleeping,   0 stopped,   0 zombie
Cpu(s): 30.7%us, 11.3%sy,  0.0%ni, 57.9%id,  0.0%wa,  0.0%hi,  0.1%si,  0.0%st
Mem:  32880732k total, 31732700k used,  1148032k free,   133548k buffers
Swap:        0k total,        0k used,        0k free,  7236276k cached

  PID USER      PR  NI  VIRT  RES  SHR S %CPU %MEM    TIME+  COMMAND                                                                                                                                            
23654 stevenzh  20   0  691m 9040 2112 S  3.5  0.0   0:00.41 raft.test                                                                                                                                          


top - 16:40:57 up 105 days, 18:44, 11 users,  load average: 2.83, 2.71, 2.39
Tasks:   1 total,   0 running,   1 sleeping,   0 stopped,   0 zombie
Cpu(s): 30.5%us,  9.1%sy,  0.0%ni, 60.3%id,  0.0%wa,  0.0%hi,  0.1%si,  0.0%st
Mem:  32880732k total, 31729612k used,  1151120k free,   133548k buffers
Swap:        0k total,        0k used,        0k free,  7236280k cached

  PID USER      PR  NI  VIRT  RES  SHR S %CPU %MEM    TIME+  COMMAND                                                                                                                                            
23654 stevenzh  20   0  691m 9480 2112 S  3.0  0.0   0:00.47 raft.test                                                                                                                                          


top - 16:40:59 up 105 days, 18:44, 11 users,  load average: 2.83, 2.71, 2.39
Tasks:   1 total,   0 running,   1 sleeping,   0 stopped,   0 zombie
Cpu(s): 40.0%us, 20.7%sy,  0.0%ni, 39.0%id,  0.0%wa,  0.0%hi,  0.3%si,  0.0%st
Mem:  32880732k total, 31728528k used,  1152204k free,   133548k buffers
Swap:        0k total,        0k used,        0k free,  7236304k cached

  PID USER      PR  NI  VIRT  RES  SHR S %CPU %MEM    TIME+  COMMAND                                                                                                                                            
23654 stevenzh  20   0  691m 8964 2120 S  5.0  0.0   0:00.57 raft.test                                                                                                                                          


top - 16:41:01 up 105 days, 18:44, 11 users,  load average: 4.36, 3.03, 2.50
Tasks:   1 total,   0 running,   1 sleeping,   0 stopped,   0 zombie
Cpu(s): 45.1%us, 27.6%sy,  0.0%ni, 27.1%id,  0.0%wa,  0.0%hi,  0.3%si,  0.0%st
Mem:  32880732k total, 31964732k used,   916000k free,   133548k buffers
Swap:        0k total,        0k used,        0k free,  7236308k cached

  PID USER      PR  NI  VIRT  RES  SHR S %CPU %MEM    TIME+  COMMAND                                                                                                                                            
23654 stevenzh  20   0  691m 9444 2120 S  4.5  0.0   0:00.66 raft.test                                                                                                                                          


top - 16:41:03 up 105 days, 18:44, 11 users,  load average: 4.36, 3.03, 2.50
Tasks:   1 total,   0 running,   1 sleeping,   0 stopped,   0 zombie
Cpu(s): 42.6%us, 34.8%sy,  0.0%ni, 22.3%id,  0.1%wa,  0.0%hi,  0.1%si,  0.0%st
Mem:  32880732k total, 31734600k used,  1146132k free,   133548k buffers
Swap:        0k total,        0k used,        0k free,  7236360k cached

  PID USER      PR  NI  VIRT  RES  SHR S %CPU %MEM    TIME+  COMMAND                                                                                                                                            
23654 stevenzh  20   0  691m 9548 2124 S  2.0  0.0   0:00.70 raft.test                                                                                                                                          


top - 16:41:05 up 105 days, 18:44, 11 users,  load average: 4.36, 3.03, 2.50
Tasks:   1 total,   0 running,   1 sleeping,   0 stopped,   0 zombie
Cpu(s): 32.3%us, 16.7%sy,  0.0%ni, 50.8%id,  0.0%wa,  0.0%hi,  0.3%si,  0.0%st
Mem:  32880732k total, 31735344k used,  1145388k free,   133548k buffers
Swap:        0k total,        0k used,        0k free,  7236380k cached

  PID USER      PR  NI  VIRT  RES  SHR S %CPU %MEM    TIME+  COMMAND                                                                                                                                            
23654 stevenzh  20   0  691m  10m 2128 S  2.5  0.0   0:00.75 raft.test                                                                                                                                          


top - 16:41:07 up 105 days, 18:44, 11 users,  load average: 4.09, 3.00, 2.49
Tasks:   1 total,   0 running,   1 sleeping,   0 stopped,   0 zombie
Cpu(s): 31.4%us, 12.7%sy,  0.0%ni, 55.7%id,  0.0%wa,  0.0%hi,  0.1%si,  0.0%st
Mem:  32880732k total, 31736412k used,  1144320k free,   133548k buffers
Swap:        0k total,        0k used,        0k free,  7236392k cached

  PID USER      PR  NI  VIRT  RES  SHR S %CPU %MEM    TIME+  COMMAND                                                                                                                                            
23654 stevenzh  20   0  691m  11m 2144 S  7.5  0.0   0:00.90 raft.test                                                                                                                                          


top - 16:41:09 up 105 days, 18:44, 11 users,  load average: 4.09, 3.00, 2.49
Tasks:   1 total,   0 running,   1 sleeping,   0 stopped,   0 zombie
Cpu(s): 36.2%us, 23.6%sy,  0.0%ni, 40.0%id,  0.1%wa,  0.0%hi,  0.1%si,  0.0%st
Mem:  32880732k total, 31730452k used,  1150280k free,   133548k buffers
Swap:        0k total,        0k used,        0k free,  7236416k cached

  PID USER      PR  NI  VIRT  RES  SHR S %CPU %MEM    TIME+  COMMAND                                                                                                                                            
23654 stevenzh  20   0  691m  10m 2144 S  7.5  0.0   0:01.05 raft.test                                                                                                                                          


top - 16:41:11 up 105 days, 18:44, 11 users,  load average: 3.85, 2.96, 2.48
Tasks:   1 total,   0 running,   1 sleeping,   0 stopped,   0 zombie
Cpu(s): 30.7%us, 12.4%sy,  0.0%ni, 56.6%id,  0.0%wa,  0.0%hi,  0.3%si,  0.0%st
Mem:  32880732k total, 31732776k used,  1147956k free,   133548k buffers
Swap:        0k total,        0k used,        0k free,  7236420k cached

  PID USER      PR  NI  VIRT  RES  SHR S %CPU %MEM    TIME+  COMMAND                                                                                                                                            
23654 stevenzh  20   0  691m  12m 2144 S  7.0  0.0   0:01.19 raft.test                                                                                                                                          


top - 16:41:13 up 105 days, 18:44, 11 users,  load average: 3.85, 2.96, 2.48
Tasks:   1 total,   0 running,   1 sleeping,   0 stopped,   0 zombie
Cpu(s): 32.4%us, 16.7%sy,  0.0%ni, 50.7%id,  0.0%wa,  0.0%hi,  0.1%si,  0.0%st
Mem:  32880732k total, 31739084k used,  1141648k free,   133548k buffers
Swap:        0k total,        0k used,        0k free,  7236448k cached

  PID USER      PR  NI  VIRT  RES  SHR S %CPU %MEM    TIME+  COMMAND                                                                                                                                            
23654 stevenzh  20   0  691m  12m 2144 S  4.5  0.0   0:01.28 raft.test                                                                                                                                          


top - 16:41:15 up 105 days, 18:44, 11 users,  load average: 3.85, 2.96, 2.48
Tasks:   1 total,   0 running,   1 sleeping,   0 stopped,   0 zombie
Cpu(s): 32.8%us, 14.4%sy,  0.0%ni, 52.6%id,  0.0%wa,  0.0%hi,  0.3%si,  0.0%st
Mem:  32880732k total, 31739860k used,  1140872k free,   133556k buffers
Swap:        0k total,        0k used,        0k free,  7236472k cached

  PID USER      PR  NI  VIRT  RES  SHR S %CPU %MEM    TIME+  COMMAND                                                                                                                                            
23654 stevenzh  20   0  691m  12m 2148 S  5.0  0.0   0:01.38 raft.test                                                                                                                                          


top - 16:41:17 up 105 days, 18:44, 11 users,  load average: 3.62, 2.93, 2.47
Tasks:   1 total,   0 running,   1 sleeping,   0 stopped,   0 zombie
Cpu(s): 31.0%us, 13.2%sy,  0.0%ni, 55.7%id,  0.0%wa,  0.0%hi,  0.1%si,  0.0%st
Mem:  32880732k total, 31739348k used,  1141384k free,   133556k buffers
Swap:        0k total,        0k used,        0k free,  7236476k cached

  PID USER      PR  NI  VIRT  RES  SHR S %CPU %MEM    TIME+  COMMAND                                                                                                                                            
23654 stevenzh  20   0  691m  12m 2148 S  5.0  0.0   0:01.48 raft.test                                                                                                                                          


top - 16:41:19 up 105 days, 18:44, 11 users,  load average: 3.62, 2.93, 2.47
Tasks:   1 total,   0 running,   1 sleeping,   0 stopped,   0 zombie
Cpu(s): 36.9%us, 16.3%sy,  0.0%ni, 46.5%id,  0.0%wa,  0.0%hi,  0.3%si,  0.0%st
Mem:  32880732k total, 31737456k used,  1143276k free,   133556k buffers
Swap:        0k total,        0k used,        0k free,  7236508k cached

  PID USER      PR  NI  VIRT  RES  SHR S %CPU %MEM    TIME+  COMMAND                                                                                                                                            
23654 stevenzh  20   0  691m  11m 2152 S  7.0  0.0   0:01.62 raft.test                                                                                                                                          


top - 16:41:21 up 105 days, 18:44, 11 users,  load average: 3.41, 2.90, 2.47
Tasks:   1 total,   1 running,   0 sleeping,   0 stopped,   0 zombie
Cpu(s): 32.7%us, 13.4%sy,  0.0%ni, 53.8%id,  0.0%wa,  0.0%hi,  0.1%si,  0.0%st
Mem:  32880732k total, 31735952k used,  1144780k free,   133556k buffers
Swap:        0k total,        0k used,        0k free,  7236512k cached

  PID USER      PR  NI  VIRT  RES  SHR S %CPU %MEM    TIME+  COMMAND                                                                                                                                            
23654 stevenzh  20   0  691m  11m 2156 R  6.5  0.0   0:01.75 raft.test                                                                                                                                          


top - 16:41:23 up 105 days, 18:44, 11 users,  load average: 3.41, 2.90, 2.47
Tasks:   1 total,   0 running,   1 sleeping,   0 stopped,   0 zombie
Cpu(s): 32.4%us, 15.5%sy,  0.0%ni, 52.0%id,  0.0%wa,  0.0%hi,  0.1%si,  0.0%st
Mem:  32880732k total, 31740308k used,  1140424k free,   133556k buffers
Swap:        0k total,        0k used,        0k free,  7236528k cached

  PID USER      PR  NI  VIRT  RES  SHR S %CPU %MEM    TIME+  COMMAND                                                                                                                                            
23654 stevenzh  20   0  691m  11m 2156 S  7.5  0.0   0:01.90 raft.test                                                                                                                                          


top - 16:41:25 up 105 days, 18:44, 11 users,  load average: 3.41, 2.90, 2.47
Tasks:   1 total,   0 running,   1 sleeping,   0 stopped,   0 zombie
Cpu(s): 31.3%us, 12.0%sy,  0.0%ni, 56.4%id,  0.1%wa,  0.0%hi,  0.1%si,  0.0%st
Mem:  32880732k total, 31741008k used,  1139724k free,   133556k buffers
Swap:        0k total,        0k used,        0k free,  7236548k cached

  PID USER      PR  NI  VIRT  RES  SHR S %CPU %MEM    TIME+  COMMAND                                                                                                                                            
23654 stevenzh  20   0  691m  12m 2156 S  7.5  0.0   0:02.05 raft.test                                                                                                                                          


top - 16:41:27 up 105 days, 18:44, 11 users,  load average: 3.30, 2.88, 2.46
Tasks:   1 total,   0 running,   1 sleeping,   0 stopped,   0 zombie
Cpu(s): 41.8%us, 16.7%sy,  0.0%ni, 41.3%id,  0.0%wa,  0.0%hi,  0.1%si,  0.0%st
Mem:  32880732k total, 31742076k used,  1138656k free,   133556k buffers
Swap:        0k total,        0k used,        0k free,  7236692k cached

  PID USER      PR  NI  VIRT  RES  SHR S %CPU %MEM    TIME+  COMMAND                                                                                                                                            
23654 stevenzh  20   0  691m  12m 2160 S  4.5  0.0   0:02.14 raft.test                                                                                                                                          



