top - 11:14:29 up 105 days, 13:17, 12 users,  load average: 4.30, 4.13, 4.10
Tasks:   1 total,   0 running,   1 sleeping,   0 stopped,   0 zombie
Cpu(s): 13.7%us,  7.7%sy,  0.3%ni, 77.9%id,  0.2%wa,  0.0%hi,  0.2%si,  0.0%st
Mem:  32880732k total, 30926484k used,  1954248k free,   113704k buffers
Swap:        0k total,        0k used,        0k free,  6464004k cached

  PID USER      PR  NI  VIRT  RES  SHR S %CPU %MEM    TIME+  COMMAND                                                                                                                                            
21339 stevenzh  20   0  690m 5964 1976 S  4.0  0.0   0:00.12 raft.test                                                                                                                                          


top - 11:14:31 up 105 days, 13:17, 12 users,  load average: 4.30, 4.13, 4.10
Tasks:   1 total,   0 running,   1 sleeping,   0 stopped,   0 zombie
Cpu(s): 44.6%us, 14.0%sy,  0.0%ni, 41.0%id,  0.0%wa,  0.0%hi,  0.4%si,  0.0%st
Mem:  32880732k total, 30926176k used,  1954556k free,   113704k buffers
Swap:        0k total,        0k used,        0k free,  6464120k cached

  PID USER      PR  NI  VIRT  RES  SHR S %CPU %MEM    TIME+  COMMAND                                                                                                                                            
21339 stevenzh  20   0  690m 6624 1976 S  2.0  0.0   0:00.16 raft.test                                                                                                                                          


top - 11:14:33 up 105 days, 13:17, 12 users,  load average: 4.04, 4.08, 4.09
Tasks:   1 total,   0 running,   1 sleeping,   0 stopped,   0 zombie
Cpu(s): 32.9%us, 13.2%sy,  0.0%ni, 53.6%id,  0.0%wa,  0.0%hi,  0.3%si,  0.0%st
Mem:  32880732k total, 30918364k used,  1962368k free,   113704k buffers
Swap:        0k total,        0k used,        0k free,  6464124k cached

  PID USER      PR  NI  VIRT  RES  SHR S %CPU %MEM    TIME+  COMMAND                                                                                                                                            
21339 stevenzh  20   0  690m 7152 2048 S  3.5  0.0   0:00.23 raft.test                                                                                                                                          


top - 11:14:35 up 105 days, 13:18, 12 users,  load average: 4.04, 4.08, 4.09
Tasks:   1 total,   0 running,   1 sleeping,   0 stopped,   0 zombie
Cpu(s): 35.2%us, 10.7%sy,  0.0%ni, 53.8%id,  0.0%wa,  0.0%hi,  0.3%si,  0.0%st
Mem:  32880732k total, 30916348k used,  1964384k free,   113704k buffers
Swap:        0k total,        0k used,        0k free,  6464152k cached

  PID USER      PR  NI  VIRT  RES  SHR S %CPU %MEM    TIME+  COMMAND                                                                                                                                            
21339 stevenzh  20   0  690m 7432 2048 S  3.0  0.0   0:00.29 raft.test                                                                                                                                          


top - 11:14:37 up 105 days, 13:18, 12 users,  load average: 4.04, 4.08, 4.09
Tasks:   1 total,   0 running,   1 sleeping,   0 stopped,   0 zombie
Cpu(s): 34.1%us, 12.9%sy,  0.0%ni, 52.8%id,  0.0%wa,  0.0%hi,  0.3%si,  0.0%st
Mem:  32880732k total, 30916960k used,  1963772k free,   113704k buffers
Swap:        0k total,        0k used,        0k free,  6464176k cached

  PID USER      PR  NI  VIRT  RES  SHR S %CPU %MEM    TIME+  COMMAND                                                                                                                                            
21339 stevenzh  20   0  690m 7868 2060 S  2.5  0.0   0:00.34 raft.test                                                                                                                                          


top - 11:14:39 up 105 days, 13:18, 12 users,  load average: 3.80, 4.03, 4.07
Tasks:   1 total,   0 running,   1 sleeping,   0 stopped,   0 zombie
Cpu(s): 32.9%us, 16.2%sy,  0.0%ni, 50.7%id,  0.0%wa,  0.0%hi,  0.3%si,  0.0%st
Mem:  32880732k total, 30916836k used,  1963896k free,   113704k buffers
Swap:        0k total,        0k used,        0k free,  6464204k cached

  PID USER      PR  NI  VIRT  RES  SHR S %CPU %MEM    TIME+  COMMAND                                                                                                                                            
21339 stevenzh  20   0  691m 8284 2064 S  4.0  0.0   0:00.42 raft.test                                                                                                                                          


top - 11:14:41 up 105 days, 13:18, 12 users,  load average: 3.80, 4.03, 4.07
Tasks:   1 total,   0 running,   1 sleeping,   0 stopped,   0 zombie
Cpu(s): 31.8%us, 13.4%sy,  0.0%ni, 54.7%id,  0.0%wa,  0.0%hi,  0.1%si,  0.0%st
Mem:  32880732k total, 30913208k used,  1967524k free,   113708k buffers
Swap:        0k total,        0k used,        0k free,  6464228k cached

  PID USER      PR  NI  VIRT  RES  SHR S %CPU %MEM    TIME+  COMMAND                                                                                                                                            
21339 stevenzh  20   0  691m 8688 2076 S  3.0  0.0   0:00.48 raft.test                                                                                                                                          


top - 11:14:43 up 105 days, 13:18, 12 users,  load average: 3.57, 3.98, 4.05
Tasks:   1 total,   0 running,   1 sleeping,   0 stopped,   0 zombie
Cpu(s): 32.6%us, 15.3%sy,  0.0%ni, 52.0%id,  0.0%wa,  0.0%hi,  0.1%si,  0.0%st
Mem:  32880732k total, 30911984k used,  1968748k free,   113708k buffers
Swap:        0k total,        0k used,        0k free,  6464236k cached

  PID USER      PR  NI  VIRT  RES  SHR S %CPU %MEM    TIME+  COMMAND                                                                                                                                            
21339 stevenzh  20   0  691m 9156 2076 S  4.0  0.0   0:00.56 raft.test                                                                                                                                          


top - 11:14:45 up 105 days, 13:18, 12 users,  load average: 3.57, 3.98, 4.05
Tasks:   1 total,   0 running,   1 sleeping,   0 stopped,   0 zombie
Cpu(s): 33.2%us, 12.0%sy,  0.0%ni, 54.2%id,  0.3%wa,  0.0%hi,  0.3%si,  0.0%st
Mem:  32880732k total, 30922928k used,  1957804k free,   113708k buffers
Swap:        0k total,        0k used,        0k free,  6464256k cached

  PID USER      PR  NI  VIRT  RES  SHR S %CPU %MEM    TIME+  COMMAND                                                                                                                                            
21339 stevenzh  20   0  691m 9368 2076 S  3.0  0.0   0:00.62 raft.test                                                                                                                                          


top - 11:14:47 up 105 days, 13:18, 12 users,  load average: 3.57, 3.98, 4.05
Tasks:   1 total,   0 running,   1 sleeping,   0 stopped,   0 zombie
Cpu(s): 32.7%us, 11.5%sy,  0.0%ni, 55.5%id,  0.0%wa,  0.0%hi,  0.3%si,  0.0%st
Mem:  32880732k total, 30922484k used,  1958248k free,   113708k buffers
Swap:        0k total,        0k used,        0k free,  6464284k cached

  PID USER      PR  NI  VIRT  RES  SHR S %CPU %MEM    TIME+  COMMAND                                                                                                                                            
21339 stevenzh  20   0  691m 8652 2076 S  4.0  0.0   0:00.70 raft.test                                                                                                                                          


top - 11:14:49 up 105 days, 13:18, 12 users,  load average: 3.37, 3.93, 4.04
Tasks:   1 total,   0 running,   1 sleeping,   0 stopped,   0 zombie
Cpu(s): 29.6%us, 10.4%sy,  0.0%ni, 60.0%id,  0.0%wa,  0.0%hi,  0.0%si,  0.0%st
Mem:  32880732k total, 30920516k used,  1960216k free,   113708k buffers
Swap:        0k total,        0k used,        0k free,  6464292k cached

  PID USER      PR  NI  VIRT  RES  SHR S %CPU %MEM    TIME+  COMMAND                                                                                                                                            
21339 stevenzh  20   0  691m 8944 2076 S  4.0  0.0   0:00.78 raft.test                                                                                                                                          


top - 11:14:51 up 105 days, 13:18, 12 users,  load average: 3.37, 3.93, 4.04
Tasks:   1 total,   0 running,   1 sleeping,   0 stopped,   0 zombie
Cpu(s): 33.9%us, 15.6%sy,  0.0%ni, 50.0%id,  0.1%wa,  0.0%hi,  0.4%si,  0.0%st
Mem:  32880732k total, 30921524k used,  1959208k free,   113712k buffers
Swap:        0k total,        0k used,        0k free,  6464320k cached

  PID USER      PR  NI  VIRT  RES  SHR S %CPU %MEM    TIME+  COMMAND                                                                                                                                            
21339 stevenzh  20   0  691m  10m 2076 S  5.0  0.0   0:00.88 raft.test                                                                                                                                          


top - 11:14:53 up 105 days, 13:18, 12 users,  load average: 3.26, 3.90, 4.03
Tasks:   1 total,   0 running,   1 sleeping,   0 stopped,   0 zombie
Cpu(s): 33.4%us,  9.6%sy,  0.0%ni, 56.6%id,  0.0%wa,  0.0%hi,  0.4%si,  0.0%st
Mem:  32880732k total, 30931428k used,  1949304k free,   113712k buffers
Swap:        0k total,        0k used,        0k free,  6464320k cached

  PID USER      PR  NI  VIRT  RES  SHR S %CPU %MEM    TIME+  COMMAND                                                                                                                                            
21339 stevenzh  20   0  691m 9932 2076 S  4.0  0.0   0:00.96 raft.test                                                                                                                                          


top - 11:14:55 up 105 days, 13:18, 12 users,  load average: 3.26, 3.90, 4.03
Tasks:   1 total,   0 running,   1 sleeping,   0 stopped,   0 zombie
Cpu(s): 32.8%us, 16.2%sy,  0.0%ni, 50.8%id,  0.0%wa,  0.0%hi,  0.3%si,  0.0%st
Mem:  32880732k total, 30929368k used,  1951364k free,   113720k buffers
Swap:        0k total,        0k used,        0k free,  6464332k cached

  PID USER      PR  NI  VIRT  RES  SHR S %CPU %MEM    TIME+  COMMAND                                                                                                                                            
21339 stevenzh  20   0  691m 9892 2088 S  4.5  0.0   0:01.05 raft.test                                                                                                                                          


top - 11:14:57 up 105 days, 13:18, 12 users,  load average: 3.26, 3.90, 4.03
Tasks:   1 total,   0 running,   1 sleeping,   0 stopped,   0 zombie
Cpu(s): 35.1%us, 11.8%sy,  0.0%ni, 52.6%id,  0.0%wa,  0.0%hi,  0.5%si,  0.0%st
Mem:  32880732k total, 30918192k used,  1962540k free,   113720k buffers
Swap:        0k total,        0k used,        0k free,  6464380k cached

  PID USER      PR  NI  VIRT  RES  SHR S %CPU %MEM    TIME+  COMMAND                                                                                                                                            
21339 stevenzh  20   0  691m  10m 2088 S  5.5  0.0   0:01.16 raft.test                                                                                                                                          


top - 11:14:59 up 105 days, 13:18, 12 users,  load average: 3.08, 3.85, 4.01
Tasks:   1 total,   0 running,   1 sleeping,   0 stopped,   0 zombie
Cpu(s): 32.4%us,  9.9%sy,  0.0%ni, 57.5%id,  0.0%wa,  0.0%hi,  0.3%si,  0.0%st
Mem:  32880732k total, 30915076k used,  1965656k free,   113724k buffers
Swap:        0k total,        0k used,        0k free,  6464392k cached

  PID USER      PR  NI  VIRT  RES  SHR S %CPU %MEM    TIME+  COMMAND                                                                                                                                            
21339 stevenzh  20   0  691m  10m 2100 S  5.5  0.0   0:01.27 raft.test                                                                                                                                          


top - 11:15:01 up 105 days, 13:18, 12 users,  load average: 3.08, 3.85, 4.01
Tasks:   1 total,   0 running,   1 sleeping,   0 stopped,   0 zombie
Cpu(s): 33.7%us, 12.5%sy,  0.0%ni, 53.2%id,  0.1%wa,  0.0%hi,  0.4%si,  0.0%st
Mem:  32880732k total, 30927088k used,  1953644k free,   113728k buffers
Swap:        0k total,        0k used,        0k free,  6464416k cached

  PID USER      PR  NI  VIRT  RES  SHR S %CPU %MEM    TIME+  COMMAND                                                                                                                                            
21339 stevenzh  20   0  691m  11m 2100 S  3.5  0.0   0:01.34 raft.test                                                                                                                                          


top - 11:15:03 up 105 days, 13:18, 12 users,  load average: 4.51, 4.13, 4.10
Tasks:   1 total,   0 running,   1 sleeping,   0 stopped,   0 zombie
Cpu(s): 53.8%us, 37.5%sy,  0.0%ni,  8.3%id,  0.0%wa,  0.0%hi,  0.5%si,  0.0%st
Mem:  32880732k total, 30932776k used,  1947956k free,   113728k buffers
Swap:        0k total,        0k used,        0k free,  6464436k cached

  PID USER      PR  NI  VIRT  RES  SHR S %CPU %MEM    TIME+  COMMAND                                                                                                                                            
21339 stevenzh  20   0  691m  10m 2100 S  3.0  0.0   0:01.40 raft.test                                                                                                                                          


top - 11:15:05 up 105 days, 13:18, 12 users,  load average: 4.51, 4.13, 4.10
Tasks:   1 total,   0 running,   1 sleeping,   0 stopped,   0 zombie
Cpu(s): 34.6%us, 18.2%sy,  0.0%ni, 46.8%id,  0.0%wa,  0.0%hi,  0.4%si,  0.0%st
Mem:  32880732k total, 30924900k used,  1955832k free,   113728k buffers
Swap:        0k total,        0k used,        0k free,  6464452k cached

  PID USER      PR  NI  VIRT  RES  SHR S %CPU %MEM    TIME+  COMMAND                                                                                                                                            
21339 stevenzh  20   0  691m  10m 2112 S  3.0  0.0   0:01.46 raft.test                                                                                                                                          


top - 11:15:07 up 105 days, 13:18, 12 users,  load average: 4.51, 4.13, 4.10
Tasks:   1 total,   0 running,   1 sleeping,   0 stopped,   0 zombie
Cpu(s): 41.3%us, 21.5%sy,  0.0%ni, 37.0%id,  0.0%wa,  0.0%hi,  0.3%si,  0.0%st
Mem:  32880732k total, 30925520k used,  1955212k free,   113728k buffers
Swap:        0k total,        0k used,        0k free,  6464328k cached

  PID USER      PR  NI  VIRT  RES  SHR S %CPU %MEM    TIME+  COMMAND                                                                                                                                            
21339 stevenzh  20   0  691m  10m 2112 S  4.0  0.0   0:01.54 raft.test                                                                                                                                          


top - 11:15:09 up 105 days, 13:18, 12 users,  load average: 4.23, 4.08, 4.08
Tasks:   1 total,   0 running,   1 sleeping,   0 stopped,   0 zombie
Cpu(s): 35.1%us, 12.5%sy,  0.0%ni, 52.2%id,  0.0%wa,  0.0%hi,  0.3%si,  0.0%st
Mem:  32880732k total, 30930540k used,  1950192k free,   113728k buffers
Swap:        0k total,        0k used,        0k free,  6464512k cached

  PID USER      PR  NI  VIRT  RES  SHR S %CPU %MEM    TIME+  COMMAND                                                                                                                                            
21339 stevenzh  20   0  691m  11m 2112 S  4.5  0.0   0:01.63 raft.test                                                                                                                                          


top - 11:15:11 up 105 days, 13:18, 12 users,  load average: 4.23, 4.08, 4.08
Tasks:   1 total,   0 running,   1 sleeping,   0 stopped,   0 zombie
Cpu(s): 31.6%us,  9.2%sy,  0.0%ni, 59.0%id,  0.0%wa,  0.0%hi,  0.1%si,  0.0%st
Mem:  32880732k total, 30929244k used,  1951488k free,   113728k buffers
Swap:        0k total,        0k used,        0k free,  6464540k cached

  PID USER      PR  NI  VIRT  RES  SHR S %CPU %MEM    TIME+  COMMAND                                                                                                                                            
21339 stevenzh  20   0  691m  10m 2156 S  4.5  0.0   0:01.72 raft.test                                                                                                                                          
                                                                                                                                 

